GcmTestingBuild/build/outputs/logs/manifest-merger-debug-report.txt
-- Merging decision tree log ---
manifest
ADDED from src/main/AndroidManifest.xml:2:1-114:12
	package
		ADDED from src/main/AndroidManifest.xml:3:5-54
	android:versionName
		ADDED from src/main/AndroidManifest.xml:6:5-30
		INJECTED from src/main/AndroidManifest.xml
		INJECTED from src/main/AndroidManifest.xml
	android:versionCode
		ADDED from src/main/AndroidManifest.xml:5:5-28
		INJECTED from src/main/AndroidManifest.xml
		INJECTED from src/main/AndroidManifest.xml
	xmlns:android
		ADDED from src/main/AndroidManifest.xml:2:11-69
	android:installLocation
		ADDED from src/main/AndroidManifest.xml:4:5-45
supports-screens
ADDED from src/main/AndroidManifest.xml:8:5-13:40
	android:largeScreens
		ADDED from src/main/AndroidManifest.xml:10:9-36
	android:smallScreens
		ADDED from src/main/AndroidManifest.xml:12:9-36
	android:normalScreens
		ADDED from src/main/AndroidManifest.xml:11:9-37
	android:xlargeScreens
		ADDED from src/main/AndroidManifest.xml:13:9-37
	android:anyDensity
		ADDED from src/main/AndroidManifest.xml:9:9-34
application
ADDED from src/main/AndroidManifest.xml:14:5-80:19
MERGED from [com.google.android.gms:play-services-gcm:11.0.4] AndroidManifest.xml:23:5-19
MERGED from [com.google.android.gms:play-services-iid:11.0.4] AndroidManifest.xml:23:5-19
MERGED from [com.google.android.gms:play-services-base:11.0.4] AndroidManifest.xml:18:5-20:19
MERGED from [com.google.android.gms:play-services-tasks:11.0.4] AndroidManifest.xml:4:5-19
MERGED from [com.google.android.gms:play-services-basement:11.0.4] AndroidManifest.xml:19:5-21:19
MERGED from [com.android.support:support-v4:25.2.0] AndroidManifest.xml:25:5-20
MERGED from [com.android.support:support-fragment:25.2.0] AndroidManifest.xml:25:5-20
MERGED from [com.android.support:support-media-compat:25.2.0] AndroidManifest.xml:25:5-20
MERGED from [com.android.support:support-core-ui:25.2.0] AndroidManifest.xml:25:5-20
MERGED from [com.android.support:support-core-utils:25.2.0] AndroidManifest.xml:25:5-20
MERGED from [com.android.support:support-compat:25.2.0] AndroidManifest.xml:25:5-20
	android:label
		ADDED from src/main/AndroidManifest.xml:18:9-41
	android:icon
		ADDED from src/main/AndroidManifest.xml:16:9-42
	android:banner
		ADDED from src/main/AndroidManifest.xml:15:9-46
	android:theme
		ADDED from src/main/AndroidManifest.xml:19:9-50
	android:isGame
		ADDED from src/main/AndroidManifest.xml:17:9-30
	android:name
		ADDED from src/main/AndroidManifest.xml:20:9-38
activity#com.gcmTestingBuildComp.GcmTestingBuild.UnityPlayerActivity
ADDED from src/main/AndroidManifest.xml:21:9-36:20
	android:screenOrientation
		ADDED from src/main/AndroidManifest.xml:26:13-51
	android:label
		ADDED from src/main/AndroidManifest.xml:24:13-45
	android:launchMode
		ADDED from src/main/AndroidManifest.xml:25:13-44
	android:configChanges
		ADDED from src/main/AndroidManifest.xml:23:13-186
	android:name
		ADDED from src/main/AndroidManifest.xml:22:13-87
intent-filter#android.intent.action.MAIN+android.intent.category.LAUNCHER+android.intent.category.LEANBACK_LAUNCHER
ADDED from src/main/AndroidManifest.xml:27:13-32:29
action#android.intent.action.MAIN
ADDED from src/main/AndroidManifest.xml:28:17-69
	android:name
		ADDED from src/main/AndroidManifest.xml:28:25-66
category#android.intent.category.LAUNCHER
ADDED from src/main/AndroidManifest.xml:30:17-77
	android:name
		ADDED from src/main/AndroidManifest.xml:30:27-74
category#android.intent.category.LEANBACK_LAUNCHER
ADDED from src/main/AndroidManifest.xml:31:17-86
	android:name
		ADDED from src/main/AndroidManifest.xml:31:27-83
meta-data#unityplayer.UnityActivity
ADDED from src/main/AndroidManifest.xml:33:13-35:40
	android:value
		ADDED from src/main/AndroidManifest.xml:35:17-37
	android:name
		ADDED from src/main/AndroidManifest.xml:34:17-57
receiver#com.google.android.gms.gcm.GcmReceiver
ADDED from src/main/AndroidManifest.xml:38:9-48:20
	android:exported
		ADDED from src/main/AndroidManifest.xml:40:13-36
	android:permission
		ADDED from src/main/AndroidManifest.xml:41:13-73
	android:name
		ADDED from src/main/AndroidManifest.xml:39:13-66
intent-filter#com.gcmTestingBuildComp.GcmTestingBuild+com.google.android.c2dm.intent.RECEIVE+com.google.android.c2dm.intent.REGISTRATION
ADDED from src/main/AndroidManifest.xml:42:13-47:29
action#com.google.android.c2dm.intent.RECEIVE
ADDED from src/main/AndroidManifest.xml:43:17-81
	android:name
		ADDED from src/main/AndroidManifest.xml:43:25-78
action#com.google.android.c2dm.intent.REGISTRATION
ADDED from src/main/AndroidManifest.xml:44:17-86
	android:name
		ADDED from src/main/AndroidManifest.xml:44:25-83
category#com.gcmTestingBuildComp.GcmTestingBuild
ADDED from src/main/AndroidManifest.xml:46:17-84
	android:name
		ADDED from src/main/AndroidManifest.xml:46:27-81
receiver#com.leanplum.LeanplumPushReceiver
ADDED from src/main/AndroidManifest.xml:50:9-57:20
	android:exported
		ADDED from src/main/AndroidManifest.xml:52:13-37
	android:name
		ADDED from src/main/AndroidManifest.xml:51:13-61
intent-filter#com.leanplum.LeanplumPushListenerService
ADDED from src/main/AndroidManifest.xml:53:13-56:29
action#com.leanplum.LeanplumPushListenerService
ADDED from src/main/AndroidManifest.xml:55:17-83
	android:name
		ADDED from src/main/AndroidManifest.xml:55:25-80
service#com.leanplum.LeanplumLocalPushListenerService
ADDED from src/main/AndroidManifest.xml:59:9-81
	android:name
		ADDED from src/main/AndroidManifest.xml:59:18-78
service#com.leanplum.LeanplumPushRegistrationService
ADDED from src/main/AndroidManifest.xml:61:9-80
	android:name
		ADDED from src/main/AndroidManifest.xml:61:18-77
service#com.leanplum.LeanplumPushListenerService
ADDED from src/main/AndroidManifest.xml:63:9-69:19
	android:exported
		ADDED from src/main/AndroidManifest.xml:65:13-37
	android:name
		ADDED from src/main/AndroidManifest.xml:64:13-68
intent-filter#com.google.android.c2dm.intent.RECEIVE
ADDED from src/main/AndroidManifest.xml:66:13-68:29
service#com.leanplum.LeanplumPushInstanceIDService
ADDED from src/main/AndroidManifest.xml:71:9-77:19
	android:exported
		ADDED from src/main/AndroidManifest.xml:73:13-37
	android:name
		ADDED from src/main/AndroidManifest.xml:72:13-70
intent-filter#com.google.android.gms.iid.InstanceID
ADDED from src/main/AndroidManifest.xml:74:13-76:29
action#com.google.android.gms.iid.InstanceID
ADDED from src/main/AndroidManifest.xml:75:17-80
	android:name
		ADDED from src/main/AndroidManifest.xml:75:25-77
uses-sdk
ADDED from src/main/AndroidManifest.xml:82:5-84:41
MERGED from [com.google.android.gms:play-services-gcm:11.0.4] AndroidManifest.xml:17:5-43
MERGED from [com.google.android.gms:play-services-iid:11.0.4] AndroidManifest.xml:17:5-43
MERGED from [com.google.android.gms:play-services-base:11.0.4] AndroidManifest.xml:17:5-43
MERGED from [com.google.android.gms:play-services-tasks:11.0.4] AndroidManifest.xml:3:5-43
MERGED from [com.google.android.gms:play-services-basement:11.0.4] AndroidManifest.xml:17:5-43
MERGED from [com.android.support:support-v4:25.2.0] AndroidManifest.xml:21:5-23:54
MERGED from [com.android.support:support-fragment:25.2.0] AndroidManifest.xml:21:5-23:60
MERGED from [com.android.support:support-media-compat:25.2.0] AndroidManifest.xml:21:5-23:63
MERGED from [com.android.support:support-core-ui:25.2.0] AndroidManifest.xml:21:5-23:58
MERGED from [com.android.support:support-core-utils:25.2.0] AndroidManifest.xml:21:5-23:61
MERGED from [com.android.support:support-compat:25.2.0] AndroidManifest.xml:21:5-23:58
	tools:overrideLibrary
		ADDED from [com.android.support:support-v4:25.2.0] AndroidManifest.xml:23:9-51
	android:targetSdkVersion
		ADDED from src/main/AndroidManifest.xml:84:9-38
		INJECTED from src/main/AndroidManifest.xml
		INJECTED from src/main/AndroidManifest.xml
	android:minSdkVersion
		ADDED from src/main/AndroidManifest.xml:83:9-35
uses-feature#0x00020000
ADDED from src/main/AndroidManifest.xml:87:5-54
	android:glEsVersion
		ADDED from src/main/AndroidManifest.xml:87:19-51
uses-permission#android.permission.INTERNET
ADDED from src/main/AndroidManifest.xml:89:5-67
MERGED from [com.google.android.gms:play-services-gcm:11.0.4] AndroidManifest.xml:21:5-66
MERGED from [com.google.android.gms:play-services-iid:11.0.4] AndroidManifest.xml:21:5-66
	android:name
		ADDED from src/main/AndroidManifest.xml:89:22-64
uses-permission#android.permission.WRITE_EXTERNAL_STORAGE
ADDED from src/main/AndroidManifest.xml:90:5-92:38
	android:maxSdkVersion
		ADDED from src/main/AndroidManifest.xml:92:9-35
	android:name
		ADDED from src/main/AndroidManifest.xml:91:9-65
uses-permission#android.permission.READ_EXTERNAL_STORAGE
ADDED from src/main/AndroidManifest.xml:93:5-95:38
	android:maxSdkVersion
		ADDED from src/main/AndroidManifest.xml:95:9-35
	android:name
		ADDED from src/main/AndroidManifest.xml:94:9-64
uses-feature#android.hardware.touchscreen
ADDED from src/main/AndroidManifest.xml:97:5-99:36
	android:required
		ADDED from src/main/AndroidManifest.xml:99:9-33
	android:name
		ADDED from src/main/AndroidManifest.xml:98:9-52
uses-feature#android.hardware.touchscreen.multitouch
ADDED from src/main/AndroidManifest.xml:100:5-102:36
	android:required
		ADDED from src/main/AndroidManifest.xml:102:9-33
	android:name
		ADDED from src/main/AndroidManifest.xml:101:9-63
uses-feature#android.hardware.touchscreen.multitouch.distinct
ADDED from src/main/AndroidManifest.xml:103:5-105:36
	android:required
		ADDED from src/main/AndroidManifest.xml:105:9-33
	android:name
		ADDED from src/main/AndroidManifest.xml:104:9-72
uses-permission#android.permission.ACCESS_NETWORK_STATE
ADDED from src/main/AndroidManifest.xml:107:5-79
	android:name
		ADDED from src/main/AndroidManifest.xml:107:22-76
uses-permission#com.google.android.c2dm.permission.RECEIVE
ADDED from src/main/AndroidManifest.xml:108:5-82
MERGED from [com.google.android.gms:play-services-gcm:11.0.4] AndroidManifest.xml:20:5-81
MERGED from [com.google.android.gms:play-services-iid:11.0.4] AndroidManifest.xml:20:5-81
	android:name
		ADDED from src/main/AndroidManifest.xml:108:22-79
permission#com.gcmTestingBuildComp.GcmTestingBuild.permission.C2D_MESSAGE
ADDED from src/main/AndroidManifest.xml:110:5-112:47
	android:protectionLevel
		ADDED from src/main/AndroidManifest.xml:112:9-44
	android:name
		ADDED from src/main/AndroidManifest.xml:111:9-86
uses-permission#com.gcmTestingBuildComp.GcmTestingBuild.permission.C2D_MESSAGE
ADDED from src/main/AndroidManifest.xml:113:5-102
	android:name
		ADDED from src/main/AndroidManifest.xml:113:22-99
activity#com.google.android.gms.common.api.GoogleApiActivity
ADDED from [com.google.android.gms:play-services-base:11.0.4] AndroidManifest.xml:19:9-172
	android:exported
		ADDED from [com.google.android.gms:play-services-base:11.0.4] AndroidManifest.xml:19:146-170
	android:theme
		ADDED from [com.google.android.gms:play-services-base:11.0.4] AndroidManifest.xml:19:86-145
	android:name
		ADDED from [com.google.android.gms:play-services-base:11.0.4] AndroidManifest.xml:19:19-85
meta-data#com.google.android.gms.version
ADDED from [com.google.android.gms:play-services-basement:11.0.4] AndroidManifest.xml:20:9-121
	android:value
		ADDED from [com.google.android.gms:play-services-basement:11.0.4] AndroidManifest.xml:20:66-119
	android:name
		ADDED from [com.google.android.gms:play-services-basement:11.0.4] AndroidManifest.xml:20:20-65